c:\users\cole\onedrive\documents\cse618\term project\deliverable-answers\cse387lab\release\vc140.pdb
c:\users\cole\onedrive\documents\cse618\term project\deliverable-answers\cse387lab\release\visbleobjectindexedrender.obj
c:\users\cole\onedrive\documents\cse618\term project\deliverable-answers\cse387lab\release\visibleobjectorderedrender.obj
c:\users\cole\onedrive\documents\cse618\term project\deliverable-answers\cse387lab\release\visibleobject.obj
c:\users\cole\onedrive\documents\cse618\term project\deliverable-answers\cse387lab\release\utilities.obj
c:\users\cole\onedrive\documents\cse618\term project\deliverable-answers\cse387lab\release\sphere.obj
c:\users\cole\onedrive\documents\cse618\term project\deliverable-answers\cse387lab\release\sharedprojectionandviewing.obj
c:\users\cole\onedrive\documents\cse618\term project\deliverable-answers\cse387lab\release\sharedmaterialproperties.obj
c:\users\cole\onedrive\documents\cse618\term project\deliverable-answers\cse387lab\release\sharedgenerallighting.obj
c:\users\cole\onedrive\documents\cse618\term project\deliverable-answers\cse387lab\release\myscene.obj
c:\users\cole\onedrive\documents\cse618\term project\deliverable-answers\cse387lab\release\model.obj
c:\users\cole\onedrive\documents\cse618\term project\deliverable-answers\cse387lab\release\mesh.obj
c:\users\cole\onedrive\documents\cse618\term project\deliverable-answers\cse387lab\release\buildshader.obj
c:\users\cole\onedrive\documents\cse618\term project\deliverable-answers\cse387lab\release\lab.obj
c:\users\cole\onedrive\documents\cse618\term project\deliverable-answers\cse387lab\release\cube.obj
c:\users\cole\onedrive\documents\cse618\term project\deliverable-answers\cse387lab\release\basicincludesanddefines.obj
c:\users\cole\onedrive\documents\cse618\term project\deliverable-answers\release\cse618lab.exe
c:\users\cole\onedrive\documents\cse618\term project\deliverable-answers\release\cse618lab.ipdb
c:\users\cole\onedrive\documents\cse618\term project\deliverable-answers\release\cse618lab.iobj
c:\users\cole\onedrive\documents\cse618\term project\deliverable-answers\release\cse618lab.pdb
c:\users\cole\onedrive\documents\cse618\term project\deliverable-answers\cse387lab\release\cse618lab.tlog\cl.command.1.tlog
c:\users\cole\onedrive\documents\cse618\term project\deliverable-answers\cse387lab\release\cse618lab.tlog\cl.read.1.tlog
c:\users\cole\onedrive\documents\cse618\term project\deliverable-answers\cse387lab\release\cse618lab.tlog\cl.write.1.tlog
c:\users\cole\onedrive\documents\cse618\term project\deliverable-answers\cse387lab\release\cse618lab.tlog\link.command.1.tlog
c:\users\cole\onedrive\documents\cse618\term project\deliverable-answers\cse387lab\release\cse618lab.tlog\link.read.1.tlog
c:\users\cole\onedrive\documents\cse618\term project\deliverable-answers\cse387lab\release\cse618lab.tlog\link.write.1.tlog
