h:\courses\cse387lab9\cse387lab\debug\vc120.pdb
h:\courses\cse387lab9\cse387lab\debug\vc120.idb
h:\courses\cse387lab9\cse387lab\debug\behavior.obj
h:\courses\cse387lab9\cse387lab\debug\camera.obj
h:\courses\cse387lab9\cse387lab\debug\cube.obj
h:\courses\cse387lab9\cse387lab\debug\lab.obj
h:\courses\cse387lab9\cse387lab\debug\buildshader.obj
h:\courses\cse387lab9\cse387lab\debug\model.obj
h:\courses\cse387lab9\cse387lab\debug\myscene.obj
h:\courses\cse387lab9\cse387lab\debug\orbitbehavior.obj
h:\courses\cse387lab9\cse387lab\debug\sharedgenerallighting.obj
h:\courses\cse387lab9\cse387lab\debug\sharedmaterialproperties.obj
h:\courses\cse387lab9\cse387lab\debug\sharedprojectionandviewing.obj
h:\courses\cse387lab9\cse387lab\debug\sphere.obj
h:\courses\cse387lab9\cse387lab\debug\spinbehavior.obj
h:\courses\cse387lab9\cse387lab\debug\visibleobject.obj
h:\courses\cse387lab9\cse387lab\debug\visibleobjectorderedrender.obj
h:\courses\cse387lab9\cse387lab\debug\visbleobjectindexedrender.obj
h:\courses\cse387lab9\cse387lab\debug\waypointbehavior.obj
h:\courses\cse387lab9\cse387lab\debug\waypointbehavior2.obj
h:\courses\cse387lab9\cse387lab\debug\waypointbehavior3.obj
h:\courses\cse387lab9\cse387lab\debug\waypointbehavior4.obj
h:\courses\cse387lab9\cse387lab\debug\basicincludesanddefines.obj
h:\courses\cse387lab9\debug\cse387lab.lib
h:\courses\cse387lab9\debug\cse387lab.exp
h:\courses\cse387lab9\debug\cse387lab.ilk
h:\courses\cse387lab9\debug\cse387lab.exe
h:\courses\cse387lab9\debug\cse387lab.pdb
h:\courses\cse 387\cse387lab9\cse387lab\debug\basicincludesanddefines.obj
h:\courses\cse 387\cse387lab9\cse387lab\debug\behavior.obj
h:\courses\cse 387\cse387lab9\cse387lab\debug\buildshader.obj
h:\courses\cse 387\cse387lab9\cse387lab\debug\camera.obj
h:\courses\cse 387\cse387lab9\cse387lab\debug\cube.obj
h:\courses\cse 387\cse387lab9\cse387lab\debug\lab.obj
h:\courses\cse 387\cse387lab9\cse387lab\debug\model.obj
h:\courses\cse 387\cse387lab9\cse387lab\debug\myscene.obj
h:\courses\cse 387\cse387lab9\cse387lab\debug\orbitbehavior.obj
h:\courses\cse 387\cse387lab9\cse387lab\debug\sharedgenerallighting.obj
h:\courses\cse 387\cse387lab9\cse387lab\debug\sharedmaterialproperties.obj
h:\courses\cse 387\cse387lab9\cse387lab\debug\sharedprojectionandviewing.obj
h:\courses\cse 387\cse387lab9\cse387lab\debug\sphere.obj
h:\courses\cse 387\cse387lab9\cse387lab\debug\spinbehavior.obj
h:\courses\cse 387\cse387lab9\cse387lab\debug\visbleobjectindexedrender.obj
h:\courses\cse 387\cse387lab9\cse387lab\debug\visibleobject.obj
h:\courses\cse 387\cse387lab9\cse387lab\debug\visibleobjectorderedrender.obj
h:\courses\cse 387\cse387lab9\cse387lab\debug\waypointbehavior.obj
h:\courses\cse 387\cse387lab9\cse387lab\debug\waypointbehavior2.obj
h:\courses\cse 387\cse387lab9\cse387lab\debug\waypointbehavior3.obj
h:\courses\cse 387\cse387lab9\cse387lab\debug\waypointbehavior4.obj
h:\courses\cse 387\cse387lab9\cse387lab\debug\vc120.idb
h:\courses\cse 387\cse387lab9\cse387lab\debug\vc120.pdb
h:\courses\cse 387\cse387lab9\debug\cse387lab.pdb
h:\courses\cse 387\cse387lab9\debug\cse387lab.exe
h:\courses\cse 387\cse387lab9\debug\cse387lab.ilk
h:\courses\cse 387\cse387lab9\cse387lab\debug\cse387lab.tlog\cl.command.1.tlog
h:\courses\cse 387\cse387lab9\cse387lab\debug\cse387lab.tlog\cl.read.1.tlog
h:\courses\cse 387\cse387lab9\cse387lab\debug\cse387lab.tlog\cl.write.1.tlog
h:\courses\cse 387\cse387lab9\cse387lab\debug\cse387lab.tlog\cse387lab.write.1u.tlog
h:\courses\cse 387\cse387lab9\cse387lab\debug\cse387lab.tlog\link.command.1.tlog
h:\courses\cse 387\cse387lab9\cse387lab\debug\cse387lab.tlog\link.read.1.tlog
h:\courses\cse 387\cse387lab9\cse387lab\debug\cse387lab.tlog\link.write.1.tlog
